{
  "RSpec": {
    "coverage": {
      "/Users/Jared/Turing/3module/projects/pivot/app/helpers/application_helper.rb": [
        1,
        null
      ],
      "/Users/Jared/Turing/3module/projects/pivot/app/helpers/charges_helper.rb": [
        1,
        null
      ],
      "/Users/Jared/Turing/3module/projects/pivot/app/helpers/needs_helper.rb": [
        1,
        1,
        3,
        3,
        3,
        3,
        3,
        1,
        null,
        2,
        null,
        null,
        null,
        null,
        null,
        null,
        null,
        2,
        null,
        null,
        3,
        null,
        null,
        1,
        2,
        2,
        1,
        null,
        1,
        null,
        null,
        null,
        null,
        null,
        null,
        null,
        1,
        null,
        null,
        null,
        1,
        2,
        null,
        null,
        null,
        null,
        null
      ],
      "/Users/Jared/Turing/3module/projects/pivot/app/controllers/charges_controller.rb": [
        1,
        1,
        null,
        null,
        1,
        0,
        0,
        null,
        0,
        null,
        null,
        null,
        null,
        0,
        null,
        null,
        null,
        null,
        null,
        null,
        0,
        0,
        0,
        null,
        0,
        0,
        0,
        0,
        null,
        null,
        null,
        1,
        null,
        1,
        0,
        0,
        null,
        null,
        0,
        null,
        0,
        null,
        null,
        0,
        null,
        null,
        null,
        1,
        0,
        0,
        null,
        null
      ],
      "/Users/Jared/Turing/3module/projects/pivot/app/controllers/application_controller.rb": [
        1,
        null,
        null,
        1,
        1,
        null,
        null,
        null,
        null,
        null,
        1,
        null,
        1,
        7,
        4,
        3,
        0,
        null,
        3,
        null,
        null,
        null,
        1,
        148,
        null,
        null,
        1,
        204,
        null,
        null,
        1,
        138,
        0,
        null,
        138,
        null,
        null,
        null,
        1,
        13,
        10,
        null,
        3,
        null,
        null,
        null,
        1,
        10,
        7,
        7,
        null,
        null,
        null,
        1,
        3,
        1,
        1,
        null,
        null,
        null,
        1,
        166,
        null,
        null,
        1,
        2,
        null,
        null
      ],
      "/Users/Jared/Turing/3module/projects/pivot/app/controllers/needs_controller.rb": [
        1,
        1,
        1,
        1,
        null,
        1,
        3,
        3,
        null,
        null,
        1,
        0,
        null,
        null,
        1,
        0,
        0,
        0,
        0,
        null,
        null,
        1,
        1,
        1,
        null,
        null,
        1,
        1,
        1,
        null,
        null,
        1,
        3,
        3,
        3,
        3,
        null,
        3,
        3,
        3,
        null,
        3,
        null,
        null,
        1,
        null,
        1,
        1,
        null,
        null,
        1,
        2,
        null,
        null
      ],
      "/Users/Jared/Turing/3module/projects/pivot/app/controllers/users_controller.rb": [
        1,
        1,
        null,
        1,
        2,
        null,
        null,
        1,
        2,
        2,
        null,
        null,
        1,
        2,
        2,
        2,
        2,
        2,
        null,
        0,
        0,
        null,
        null,
        null,
        1,
        1,
        1,
        null,
        null,
        1,
        1,
        1,
        null,
        null,
        1,
        13,
        12,
        null,
        null,
        1,
        10,
        null,
        null,
        1,
        null,
        1,
        3,
        3,
        null,
        null,
        null,
        null,
        null,
        null,
        null,
        null,
        null,
        null,
        null,
        null,
        null,
        1,
        3,
        2,
        null,
        null,
        null,
        1,
        5,
        5,
        null,
        null
      ],
      "/Users/Jared/Turing/3module/projects/pivot/app/models/cart.rb": [
        1,
        1,
        null,
        1,
        142,
        null,
        null,
        1,
        6,
        6,
        6,
        null,
        null,
        null,
        1,
        5,
        5,
        5,
        null,
        null,
        1,
        1,
        1,
        null,
        null,
        null,
        1,
        11,
        11,
        11,
        10,
        10,
        null,
        1,
        null,
        null,
        null,
        1,
        33,
        null,
        null,
        1,
        26,
        null,
        null,
        1,
        3,
        null,
        null,
        1,
        0,
        null,
        null,
        1,
        0,
        null,
        null,
        1,
        8,
        0,
        null,
        null,
        8,
        8,
        null,
        null,
        null,
        1,
        6,
        0,
        null,
        null,
        6,
        6,
        null,
        null,
        null
      ],
      "/Users/Jared/Turing/3module/projects/pivot/app/models/category.rb": [
        1,
        1,
        1,
        1,
        null,
        1,
        7,
        7,
        null,
        null
      ],
      "/Users/Jared/Turing/3module/projects/pivot/app/models/need.rb": [
        1,
        1,
        1,
        null,
        1,
        1,
        null,
        1,
        1,
        1,
        1,
        1,
        1,
        1,
        1,
        null,
        1,
        57,
        null,
        null,
        1,
        58,
        null,
        null,
        1,
        17,
        null,
        null,
        1,
        0,
        null,
        null,
        1,
        0,
        null,
        null
      ],
      "/Users/Jared/Turing/3module/projects/pivot/app/models/need_type.rb": [
        1,
        1,
        1,
        null,
        1,
        1,
        1,
        1,
        1,
        1,
        null,
        1,
        26,
        null,
        null
      ],
      "/Users/Jared/Turing/3module/projects/pivot/app/models/user.rb": [
        1,
        1,
        1,
        1,
        null,
        1,
        1,
        1,
        1,
        1,
        1,
        1,
        1,
        1,
        null,
        null,
        null,
        1,
        null,
        1,
        40,
        null,
        null,
        1,
        14,
        null,
        null,
        1,
        2,
        null,
        null
      ],
      "/Users/Jared/Turing/3module/projects/pivot/app/controllers/pages_controller.rb": [
        1,
        1,
        null,
        1,
        null,
        null
      ],
      "/Users/Jared/Turing/3module/projects/pivot/app/controllers/admin/recipients_controller.rb": [
        1,
        null,
        1,
        4,
        null,
        null,
        1,
        8,
        null,
        null
      ],
      "/Users/Jared/Turing/3module/projects/pivot/app/controllers/admin/base_controller.rb": [
        1,
        1,
        null,
        1,
        62,
        null,
        null
      ],
      "/Users/Jared/Turing/3module/projects/pivot/app/controllers/admin/needs_controller.rb": [
        1,
        1,
        1,
        1,
        null,
        1,
        4,
        4,
        null,
        null,
        1,
        2,
        2,
        null,
        null,
        1,
        1,
        1,
        1,
        1,
        null,
        null,
        1,
        1,
        1,
        1,
        1,
        null,
        null,
        1,
        null,
        1,
        1,
        null,
        null,
        1,
        8,
        null,
        null
      ],
      "/Users/Jared/Turing/3module/projects/pivot/app/controllers/admin/users_controller.rb": [
        1,
        1,
        1,
        null,
        1,
        3,
        null,
        null,
        1,
        3,
        3,
        3,
        3,
        3,
        null,
        0,
        0,
        null,
        null,
        null,
        1,
        9,
        null,
        null,
        1,
        5,
        5,
        5,
        null,
        null,
        1,
        null,
        null,
        1,
        1,
        1,
        1,
        null,
        0,
        0,
        null,
        null,
        null,
        1,
        1,
        1,
        1,
        null,
        null,
        1,
        null,
        1,
        4,
        4,
        null,
        null,
        1,
        4,
        4,
        null,
        null,
        null,
        1,
        8,
        null,
        null,
        1,
        3,
        null,
        null
      ],
      "/Users/Jared/Turing/3module/projects/pivot/app/controllers/admin/need_types_controller.rb": [
        1,
        1,
        1,
        null,
        1,
        8,
        null,
        null,
        1,
        null,
        null,
        1,
        null,
        null,
        1,
        1,
        1,
        1,
        null,
        0,
        null,
        null,
        null,
        1,
        3,
        null,
        null,
        1,
        3,
        3,
        3,
        3,
        null,
        0,
        0,
        null,
        null,
        null,
        1,
        1,
        1,
        null,
        null,
        1,
        null,
        1,
        4,
        4,
        4,
        null,
        null,
        1,
        4,
        null,
        null
      ],
      "/Users/Jared/Turing/3module/projects/pivot/app/controllers/admin/profiles_controller.rb": [
        1,
        1,
        1,
        null,
        null
      ],
      "/Users/Jared/Turing/3module/projects/pivot/app/models/donation.rb": [
        1,
        1,
        1,
        1,
        1,
        null,
        1,
        null,
        null,
        null,
        null,
        null,
        null,
        1,
        0,
        0,
        0,
        null,
        null,
        null,
        1,
        0,
        null,
        null,
        null,
        null,
        null,
        1,
        0,
        null,
        null
      ],
      "/Users/Jared/Turing/3module/projects/pivot/app/controllers/donations_controller.rb": [
        1,
        null,
        1,
        1,
        null,
        1,
        0,
        0,
        null,
        null,
        1,
        0,
        null,
        null,
        1,
        5,
        4,
        null,
        1,
        null,
        null,
        5,
        5,
        5,
        5,
        5,
        null,
        0,
        0,
        null,
        null,
        null,
        1,
        0,
        0,
        null,
        0,
        null,
        0,
        null,
        null,
        1,
        1,
        1,
        null,
        0,
        null,
        1,
        1,
        null,
        1,
        2,
        1,
        null,
        null,
        null,
        1,
        null,
        1,
        0,
        null,
        null,
        1,
        0,
        null,
        null,
        1,
        5,
        5,
        5,
        5,
        5,
        5,
        5,
        null,
        null
      ],
      "/Users/Jared/Turing/3module/projects/pivot/app/controllers/carts_controller.rb": [
        1,
        null,
        1,
        3,
        3,
        3,
        3,
        null,
        3,
        6,
        3,
        null,
        null,
        null,
        1,
        10,
        6,
        null,
        4,
        4,
        4,
        null,
        0,
        null,
        null,
        null,
        null,
        1,
        0,
        0,
        0,
        0,
        null,
        null,
        1,
        0,
        0,
        0,
        0,
        null,
        null,
        1,
        null,
        1,
        4,
        4,
        4,
        4,
        null,
        null,
        null
      ],
      "/Users/Jared/Turing/3module/projects/pivot/app/controllers/sessions_controller.rb": [
        1,
        1,
        null,
        1,
        2,
        0,
        null,
        2,
        null,
        null,
        1,
        2,
        2,
        2,
        2,
        2,
        0,
        null,
        2,
        null,
        null,
        0,
        0,
        null,
        null,
        null,
        1,
        1,
        1,
        null,
        null,
        1,
        null,
        1,
        1,
        1,
        null,
        null,
        1,
        2,
        2,
        null,
        0,
        null,
        2,
        null,
        null
      ],
      "/Users/Jared/Turing/3module/projects/pivot/app/models/cart_need.rb": [
        1,
        1,
        null,
        1,
        6,
        6,
        6,
        null,
        null,
        1,
        6,
        null,
        null
      ],
      "/Users/Jared/Turing/3module/projects/pivot/app/controllers/categories_controller.rb": [
        0,
        0,
        0,
        0,
        0,
        0,
        0,
        0,
        0,
        0,
        0,
        0,
        0,
        0,
        0,
        0,
        0,
        0
      ],
      "/Users/Jared/Turing/3module/projects/pivot/app/controllers/errors_controller.rb": [
        0,
        0,
        0,
        0,
        0,
        0
      ]
    },
    "timestamp": 1463684368
  }
}
